<?xml version="1.0" encoding="utf-8"?>
<TestRun id="ab98637c-654e-4210-b8dc-01e3b37ea91a" name="ADITI@LAPTOP-UU9HIIPU 2026-07-04 11:54:27" runUser="LAPTOP-UU9HIIPU\ADITI" xmlns="http://microsoft.com/schemas/VisualStudio/TeamTest/2010">
  <Times creation="2026-07-04T11:54:27.5379453+05:30" queuing="2026-07-04T11:54:27.5379461+05:30" start="2026-07-04T11:54:26.0836927+05:30" finish="2026-07-04T11:54:27.6686182+05:30" />
  <TestSettings name="default" id="ccb1c21f-39d9-4059-9d51-279079f038f3">
    <Deployment runDeploymentRoot="ADITI_LAPTOP-UU9HIIPU_2026-07-04_11_54_27" />
  </TestSettings>
  <Results>
    <UnitTestResult executionId="d58597df-efe7-4466-9a36-7e175052ff21" testId="7a9f6ced-4500-5313-29a3-af0b8c0fa998" testName="DisplaySeasonBy_Month_ReturnsExpectedSeason(&quot;October&quot;,&quot;Autumn&quot;)" computerName="LAPTOP-UU9HIIPU" duration="00:00:00.0000030" startTime="2026-07-04T11:54:27.3068771+05:30" endTime="2026-07-04T11:54:27.3068803+05:30" testType="13cdc9d9-ddb5-4fa4-a97d-d965ccfc6d4b" outcome="Passed" testListId="8c84fa94-04c1-424b-9868-57a2d4851a1d" relativeResultsDirectory="d58597df-efe7-4466-9a36-7e175052ff21" />
    <UnitTestResult executionId="a3846b76-1faf-4bda-824b-ffa87627aaad" testId="989961a6-7f6e-7113-0096-f0f65ba1ea58" testName="DisplaySeasonBy_UsingPropertySource_ReturnsExpectedSeason(&quot;July&quot;,&quot;Monsoon&quot;)" computerName="LAPTOP-UU9HIIPU" duration="00:00:00.0000050" startTime="2026-07-04T11:54:27.3098454+05:30" endTime="2026-07-04T11:54:27.3098500+05:30" testType="13cdc9d9-ddb5-4fa4-a97d-d965ccfc6d4b" outcome="Passed" testListId="8c84fa94-04c1-424b-9868-57a2d4851a1d" relativeResultsDirectory="a3846b76-1faf-4bda-824b-ffa87627aaad" />
    <UnitTestResult executionId="bac67055-0953-4585-ad50-fee053401374" testId="126cc54e-d8bb-0069-e108-33d43832ec7c" testName="DisplaySeasonBy_UsingPropertySource_ReturnsExpectedSeason(&quot;June&quot;,&quot;Summer&quot;)" computerName="LAPTOP-UU9HIIPU" duration="00:00:00.0000050" startTime="2026-07-04T11:54:27.3098360+05:30" endTime="2026-07-04T11:54:27.3098413+05:30" testType="13cdc9d9-ddb5-4fa4-a97d-d965ccfc6d4b" outcome="Passed" testListId="8c84fa94-04c1-424b-9868-57a2d4851a1d" relativeResultsDirectory="bac67055-0953-4585-ad50-fee053401374" />
    <UnitTestResult executionId="0f6f1663-0dbd-4cdf-8cbc-534fcd3a667c" testId="e1d4104a-7ba4-198c-cd14-4c04618d0867" testName="DisplaySeasonBy_Month_ReturnsExpectedSeason(&quot;August&quot;,&quot;Monsoon&quot;)" computerName="LAPTOP-UU9HIIPU" duration="00:00:00.0000050" startTime="2026-07-04T11:54:27.3068638+05:30" endTime="2026-07-04T11:54:27.3068683+05:30" testType="13cdc9d9-ddb5-4fa4-a97d-d965ccfc6d4b" outcome="Passed" testListId="8c84fa94-04c1-424b-9868-57a2d4851a1d" relativeResultsDirectory="0f6f1663-0dbd-4cdf-8cbc-534fcd3a667c" />
    <UnitTestResult executionId="c82ad04c-0b73-45e4-953a-a0a8a12b1cee" testId="167e399a-b96b-6bc3-5240-b8f7330b029a" testName="DisplaySeasonBy_UsingPropertySource_ReturnsExpectedSeason(&quot;September&quot;,&quot;Monsoon&quot;)" computerName="LAPTOP-UU9HIIPU" duration="00:00:00.0000050" startTime="2026-07-04T11:54:27.3098637+05:30" endTime="2026-07-04T11:54:27.3098688+05:30" testType="13cdc9d9-ddb5-4fa4-a97d-d965ccfc6d4b" outcome="Passed" testListId="8c84fa94-04c1-424b-9868-57a2d4851a1d" relativeResultsDirectory="c82ad04c-0b73-45e4-953a-a0a8a12b1cee" />
    <UnitTestResult executionId="268ea6f2-a49d-49f0-a753-73f682957019" testId="77652052-22c5-42ec-652f-084c98069f33" testName="DisplaySeasonBy_UsingPropertySource_ReturnsExpectedSeason(&quot;February&quot;,&quot;Spring&quot;)" computerName="LAPTOP-UU9HIIPU" duration="00:00:00.0002240" startTime="2026-07-04T11:54:27.3091706+05:30" endTime="2026-07-04T11:54:27.3093941+05:30" testType="13cdc9d9-ddb5-4fa4-a97d-d965ccfc6d4b" outcome="Passed" testListId="8c84fa94-04c1-424b-9868-57a2d4851a1d" relativeResultsDirectory="268ea6f2-a49d-49f0-a753-73f682957019" />
    <UnitTestResult executionId="7db296da-f25d-41ef-89f3-98997403fd3b" testId="be370597-a15b-4763-5157-344b20371a32" testName="DisplaySeasonBy_Month_ReturnsExpectedSeason(&quot;January&quot;,&quot;Winter&quot;)" computerName="LAPTOP-UU9HIIPU" duration="00:00:00.0000040" startTime="2026-07-04T11:54:27.3068962+05:30" endTime="2026-07-04T11:54:27.3068997+05:30" testType="13cdc9d9-ddb5-4fa4-a97d-d965ccfc6d4b" outcome="Passed" testListId="8c84fa94-04c1-424b-9868-57a2d4851a1d" relativeResultsDirectory="7db296da-f25d-41ef-89f3-98997403fd3b" />
    <UnitTestResult executionId="41a95a24-e0c5-4ac6-8494-16eb5a96e33f" testId="df13a904-d033-e74d-f984-5104abb835fd" testName="DisplaySeasonBy_UsingPropertySource_ReturnsExpectedSeason(&quot;December&quot;,&quot;Winter&quot;)" computerName="LAPTOP-UU9HIIPU" duration="00:00:00.0000050" startTime="2026-07-04T11:54:27.3098913+05:30" endTime="2026-07-04T11:54:27.3098958+05:30" testType="13cdc9d9-ddb5-4fa4-a97d-d965ccfc6d4b" outcome="Passed" testListId="8c84fa94-04c1-424b-9868-57a2d4851a1d" relativeResultsDirectory="41a95a24-e0c5-4ac6-8494-16eb5a96e33f" />
    <UnitTestResult executionId="d46b4e00-4341-4d02-8c4d-c4b79e75768c" testId="658bfe51-5997-aa59-1d89-e7f9d325be92" testName="DisplaySeasonBy_UsingPropertySource_ReturnsExpectedSeason(&quot;October&quot;,&quot;Autumn&quot;)" computerName="LAPTOP-UU9HIIPU" duration="00:00:00.0000050" startTime="2026-07-04T11:54:27.3098733+05:30" endTime="2026-07-04T11:54:27.3098780+05:30" testType="13cdc9d9-ddb5-4fa4-a97d-d965ccfc6d4b" outcome="Passed" testListId="8c84fa94-04c1-424b-9868-57a2d4851a1d" relativeResultsDirectory="d46b4e00-4341-4d02-8c4d-c4b79e75768c" />
    <UnitTestResult executionId="e5e8fd88-6b89-4a63-b3b8-9d5f48f10bce" testId="dba87898-1e1d-6ead-008a-406ddaf939a3" testName="DisplaySeasonBy_UsingPropertySource_ReturnsExpectedSeason(&quot;August&quot;,&quot;Monsoon&quot;)" computerName="LAPTOP-UU9HIIPU" duration="00:00:00.0000060" startTime="2026-07-04T11:54:27.3098537+05:30" endTime="2026-07-04T11:54:27.3098601+05:30" testType="13cdc9d9-ddb5-4fa4-a97d-d965ccfc6d4b" outcome="Passed" testListId="8c84fa94-04c1-424b-9868-57a2d4851a1d" relativeResultsDirectory="e5e8fd88-6b89-4a63-b3b8-9d5f48f10bce" />
    <UnitTestResult executionId="15b99df3-2e78-406c-9a5f-0fc08e4d45b5" testId="006894b4-19ef-bfd9-07d7-bd81bce1bf38" testName="DisplaySeasonBy_UsingPropertySource_ReturnsExpectedSeason(&quot;April&quot;,&quot;Summer&quot;)" computerName="LAPTOP-UU9HIIPU" duration="00:00:00.0000450" startTime="2026-07-04T11:54:27.3097596+05:30" endTime="2026-07-04T11:54:27.3098041+05:30" testType="13cdc9d9-ddb5-4fa4-a97d-d965ccfc6d4b" outcome="Passed" testListId="8c84fa94-04c1-424b-9868-57a2d4851a1d" relativeResultsDirectory="15b99df3-2e78-406c-9a5f-0fc08e4d45b5" />
    <UnitTestResult executionId="7c1b228e-1c00-4d33-ac98-1a4010d4c05c" testId="12f1598c-0361-1fe1-ecc9-d890bc40cfd5" testName="DisplaySeasonBy_Month_ReturnsExpectedSeason(&quot;May&quot;,&quot;Summer&quot;)" computerName="LAPTOP-UU9HIIPU" duration="00:00:00.0000110" startTime="2026-07-04T11:54:27.3068338+05:30" endTime="2026-07-04T11:54:27.3068444+05:30" testType="13cdc9d9-ddb5-4fa4-a97d-d965ccfc6d4b" outcome="Passed" testListId="8c84fa94-04c1-424b-9868-57a2d4851a1d" relativeResultsDirectory="7c1b228e-1c00-4d33-ac98-1a4010d4c05c" />
    <UnitTestResult executionId="a0014b91-154c-49fb-862d-b63297bb3ad7" testId="a1c9ce80-ac34-a4a5-d6db-c2c1d5dac74f" testName="DisplaySeasonBy_Month_ReturnsExpectedSeason(&quot;December&quot;,&quot;Winter&quot;)" computerName="LAPTOP-UU9HIIPU" duration="00:00:00.0000030" startTime="2026-07-04T11:54:27.3068901+05:30" endTime="2026-07-04T11:54:27.3068935+05:30" testType="13cdc9d9-ddb5-4fa4-a97d-d965ccfc6d4b" outcome="Passed" testListId="8c84fa94-04c1-424b-9868-57a2d4851a1d" relativeResultsDirectory="a0014b91-154c-49fb-862d-b63297bb3ad7" />
    <UnitTestResult executionId="7583df03-5bd3-4878-9e4f-4a4c7b0ec765" testId="1be5e8f4-25ee-ca86-90e8-2b10e2c914a7" testName="DisplaySeasonBy_UsingPropertySource_ReturnsExpectedSeason(&quot;November&quot;,&quot;Autumn&quot;)" computerName="LAPTOP-UU9HIIPU" duration="00:00:00.0000060" startTime="2026-07-04T11:54:27.3098816+05:30" endTime="2026-07-04T11:54:27.3098877+05:30" testType="13cdc9d9-ddb5-4fa4-a97d-d965ccfc6d4b" outcome="Passed" testListId="8c84fa94-04c1-424b-9868-57a2d4851a1d" relativeResultsDirectory="7583df03-5bd3-4878-9e4f-4a4c7b0ec765" />
    <UnitTestResult executionId="d43c11c7-ea6d-47e2-b981-5226c39adb89" testId="3bd1bf4b-e30c-bb82-1d77-55767585341e" testName="DisplaySeasonBy_Month_ReturnsExpectedSeason(&quot;July&quot;,&quot;Monsoon&quot;)" computerName="LAPTOP-UU9HIIPU" duration="00:00:00.0000040" startTime="2026-07-04T11:54:27.3068575+05:30" endTime="2026-07-04T11:54:27.3068611+05:30" testType="13cdc9d9-ddb5-4fa4-a97d-d965ccfc6d4b" outcome="Passed" testListId="8c84fa94-04c1-424b-9868-57a2d4851a1d" relativeResultsDirectory="d43c11c7-ea6d-47e2-b981-5226c39adb89" />
    <UnitTestResult executionId="6908fd80-f6a7-47e4-aaa5-c69cdf14005e" testId="b9e7c3c2-a579-ed56-12c8-fd16af7b1dc1" testName="DisplaySeasonBy_Month_ReturnsExpectedSeason(&quot;September&quot;,&quot;Monsoon&quot;)" computerName="LAPTOP-UU9HIIPU" duration="00:00:00.0000030" startTime="2026-07-04T11:54:27.3068710+05:30" endTime="2026-07-04T11:54:27.3068744+05:30" testType="13cdc9d9-ddb5-4fa4-a97d-d965ccfc6d4b" outcome="Passed" testListId="8c84fa94-04c1-424b-9868-57a2d4851a1d" relativeResultsDirectory="6908fd80-f6a7-47e4-aaa5-c69cdf14005e" />
    <UnitTestResult executionId="3cc5cbb4-c461-4283-a617-be91c11c71b8" testId="6822446b-4280-2bb0-1a66-ecb8a25f9a0f" testName="DisplaySeasonBy_Month_ReturnsExpectedSeason(&quot;April&quot;,&quot;Summer&quot;)" computerName="LAPTOP-UU9HIIPU" duration="00:00:00.0000300" startTime="2026-07-04T11:54:27.3067992+05:30" endTime="2026-07-04T11:54:27.3068288+05:30" testType="13cdc9d9-ddb5-4fa4-a97d-d965ccfc6d4b" outcome="Passed" testListId="8c84fa94-04c1-424b-9868-57a2d4851a1d" relativeResultsDirectory="3cc5cbb4-c461-4283-a617-be91c11c71b8" />
    <UnitTestResult executionId="0ed82644-a43a-4d9e-9e13-1c010bd66c0e" testId="763667c5-e149-54d2-95fa-54c19bd6e797" testName="DisplaySeasonBy_Month_ReturnsExpectedSeason(&quot;November&quot;,&quot;Autumn&quot;)" computerName="LAPTOP-UU9HIIPU" duration="00:00:00.0000040" startTime="2026-07-04T11:54:27.3068830+05:30" endTime="2026-07-04T11:54:27.3068865+05:30" testType="13cdc9d9-ddb5-4fa4-a97d-d965ccfc6d4b" outcome="Passed" testListId="8c84fa94-04c1-424b-9868-57a2d4851a1d" relativeResultsDirectory="0ed82644-a43a-4d9e-9e13-1c010bd66c0e" />
    <UnitTestResult executionId="68e71e75-5607-4668-bc73-24d44fa23a8a" testId="199ec992-ff17-3821-5c1b-920ed03a4b3f" testName="DisplaySeasonBy_Month_ReturnsExpectedSeason(&quot;March&quot;,&quot;Spring&quot;)" computerName="LAPTOP-UU9HIIPU" duration="00:00:00.0003890" startTime="2026-07-04T11:54:27.3063766+05:30" endTime="2026-07-04T11:54:27.3067655+05:30" testType="13cdc9d9-ddb5-4fa4-a97d-d965ccfc6d4b" outcome="Passed" testListId="8c84fa94-04c1-424b-9868-57a2d4851a1d" relativeResultsDirectory="68e71e75-5607-4668-bc73-24d44fa23a8a" />
    <UnitTestResult executionId="333a7c72-0432-445f-95b9-c7dc1ecf71cb" testId="89819a6b-5f2b-cca9-667a-f69ccfd9ccd9" testName="Test1" computerName="LAPTOP-UU9HIIPU" duration="00:00:00.0366680" startTime="2026-07-04T11:54:27.3113005+05:30" endTime="2026-07-04T11:54:27.3479686+05:30" testType="13cdc9d9-ddb5-4fa4-a97d-d965ccfc6d4b" outcome="Passed" testListId="8c84fa94-04c1-424b-9868-57a2d4851a1d" relativeResultsDirectory="333a7c72-0432-445f-95b9-c7dc1ecf71cb" />
    <UnitTestResult executionId="f314f788-83dc-47aa-b848-12fd81831a8b" testId="7dfc5872-85d6-2e50-e7a4-26d067060e32" testName="DisplaySeasonBy_UsingPropertySource_ReturnsExpectedSeason(&quot;January&quot;,&quot;Winter&quot;)" computerName="LAPTOP-UU9HIIPU" duration="00:00:00.0000040" startTime="2026-07-04T11:54:27.3098994+05:30" endTime="2026-07-04T11:54:27.3099037+05:30" testType="13cdc9d9-ddb5-4fa4-a97d-d965ccfc6d4b" outcome="Passed" testListId="8c84fa94-04c1-424b-9868-57a2d4851a1d" relativeResultsDirectory="f314f788-83dc-47aa-b848-12fd81831a8b" />
    <UnitTestResult executionId="c046eb8c-5146-489b-b4ac-bc1209463c5d" testId="8c177649-ed44-c394-1e9a-6ac4b1e50dbd" testName="DisplaySeasonBy_UsingPropertySource_ReturnsExpectedSeason(&quot;May&quot;,&quot;Summer&quot;)" computerName="LAPTOP-UU9HIIPU" duration="00:00:00.0000090" startTime="2026-07-04T11:54:27.3098084+05:30" endTime="2026-07-04T11:54:27.3098170+05:30" testType="13cdc9d9-ddb5-4fa4-a97d-d965ccfc6d4b" outcome="Passed" testListId="8c84fa94-04c1-424b-9868-57a2d4851a1d" relativeResultsDirectory="c046eb8c-5146-489b-b4ac-bc1209463c5d" />
    <UnitTestResult executionId="195f9d43-79a2-44f4-a642-9ac70e87bc21" testId="ad2cee18-ffee-8b3e-7f71-1fc282072ea6" testName="DisplaySeasonBy_UsingPropertySource_ReturnsExpectedSeason(&quot;March&quot;,&quot;Spring&quot;)" computerName="LAPTOP-UU9HIIPU" duration="00:00:00.0003130" startTime="2026-07-04T11:54:27.3094205+05:30" endTime="2026-07-04T11:54:27.3097333+05:30" testType="13cdc9d9-ddb5-4fa4-a97d-d965ccfc6d4b" outcome="Passed" testListId="8c84fa94-04c1-424b-9868-57a2d4851a1d" relativeResultsDirectory="195f9d43-79a2-44f4-a642-9ac70e87bc21" />
    <UnitTestResult executionId="c734f663-c22c-4322-ac12-4b8c48c93947" testId="ab0b8d63-55a4-84b9-9e13-a52276750a03" testName="DisplaySeasonBy_Month_ReturnsExpectedSeason(&quot;June&quot;,&quot;Summer&quot;)" computerName="LAPTOP-UU9HIIPU" duration="00:00:00.0000050" startTime="2026-07-04T11:54:27.3068489+05:30" endTime="2026-07-04T11:54:27.3068539+05:30" testType="13cdc9d9-ddb5-4fa4-a97d-d965ccfc6d4b" outcome="Passed" testListId="8c84fa94-04c1-424b-9868-57a2d4851a1d" relativeResultsDirectory="c734f663-c22c-4322-ac12-4b8c48c93947" />
    <UnitTestResult executionId="7cc6fbf3-3d96-4edc-9015-7bac2e3b8c58" testId="a7b52709-4bd3-0edf-629b-95b433fa2b32" testName="DisplaySeasonBy_Month_ReturnsExpectedSeason(&quot;February&quot;,&quot;Spring&quot;)" computerName="LAPTOP-UU9HIIPU" duration="00:00:00.0061620" startTime="2026-07-04T11:54:27.2985027+05:30" endTime="2026-07-04T11:54:27.3045758+05:30" testType="13cdc9d9-ddb5-4fa4-a97d-d965ccfc6d4b" outcome="Passed" testListId="8c84fa94-04c1-424b-9868-57a2d4851a1d" relativeResultsDirectory="7cc6fbf3-3d96-4edc-9015-7bac2e3b8c58" />
  </Results>
  <TestDefinitions>
    <UnitTest name="DisplaySeasonBy_UsingPropertySource_ReturnsExpectedSeason(&quot;April&quot;,&quot;Summer&quot;)" storage="c:\cognizant_task\week-2\nunit\hands-on\fourseasonslib\fourseasonslib.tests\bin\debug\net8.0\fourseasonslib.tests.dll" id="006894b4-19ef-bfd9-07d7-bd81bce1bf38">
      <Execution id="15b99df3-2e78-406c-9a5f-0fc08e4d45b5" />
      <TestMethod codeBase="C:\Cognizant_Task\Week-2\NUnit\Hands-on\FourSeasonsLib\FourSeasonsLib.Tests\bin\Debug\net8.0\FourSeasonsLib.Tests.dll" adapterTypeName="executor://nunit3testexecutor/" className="FourSeasonsLib.Tests.SeasonTellerTests" name="DisplaySeasonBy_UsingPropertySource_ReturnsExpectedSeason(&quot;April&quot;,&quot;Summer&quot;)" />
    </UnitTest>
    <UnitTest name="DisplaySeasonBy_UsingPropertySource_ReturnsExpectedSeason(&quot;May&quot;,&quot;Summer&quot;)" storage="c:\cognizant_task\week-2\nunit\hands-on\fourseasonslib\fourseasonslib.tests\bin\debug\net8.0\fourseasonslib.tests.dll" id="8c177649-ed44-c394-1e9a-6ac4b1e50dbd">
      <Execution id="c046eb8c-5146-489b-b4ac-bc1209463c5d" />
      <TestMethod codeBase="C:\Cognizant_Task\Week-2\NUnit\Hands-on\FourSeasonsLib\FourSeasonsLib.Tests\bin\Debug\net8.0\FourSeasonsLib.Tests.dll" adapterTypeName="executor://nunit3testexecutor/" className="FourSeasonsLib.Tests.SeasonTellerTests" name="DisplaySeasonBy_UsingPropertySource_ReturnsExpectedSeason(&quot;May&quot;,&quot;Summer&quot;)" />
    </UnitTest>
    <UnitTest name="DisplaySeasonBy_UsingPropertySource_ReturnsExpectedSeason(&quot;October&quot;,&quot;Autumn&quot;)" storage="c:\cognizant_task\week-2\nunit\hands-on\fourseasonslib\fourseasonslib.tests\bin\debug\net8.0\fourseasonslib.tests.dll" id="658bfe51-5997-aa59-1d89-e7f9d325be92">
      <Execution id="d46b4e00-4341-4d02-8c4d-c4b79e75768c" />
      <TestMethod codeBase="C:\Cognizant_Task\Week-2\NUnit\Hands-on\FourSeasonsLib\FourSeasonsLib.Tests\bin\Debug\net8.0\FourSeasonsLib.Tests.dll" adapterTypeName="executor://nunit3testexecutor/" className="FourSeasonsLib.Tests.SeasonTellerTests" name="DisplaySeasonBy_UsingPropertySource_ReturnsExpectedSeason(&quot;October&quot;,&quot;Autumn&quot;)" />
    </UnitTest>
    <UnitTest name="DisplaySeasonBy_Month_ReturnsExpectedSeason(&quot;April&quot;,&quot;Summer&quot;)" storage="c:\cognizant_task\week-2\nunit\hands-on\fourseasonslib\fourseasonslib.tests\bin\debug\net8.0\fourseasonslib.tests.dll" id="6822446b-4280-2bb0-1a66-ecb8a25f9a0f">
      <Execution id="3cc5cbb4-c461-4283-a617-be91c11c71b8" />
      <TestMethod codeBase="C:\Cognizant_Task\Week-2\NUnit\Hands-on\FourSeasonsLib\FourSeasonsLib.Tests\bin\Debug\net8.0\FourSeasonsLib.Tests.dll" adapterTypeName="executor://nunit3testexecutor/" className="FourSeasonsLib.Tests.SeasonTellerTests" name="DisplaySeasonBy_Month_ReturnsExpectedSeason(&quot;April&quot;,&quot;Summer&quot;)" />
    </UnitTest>
    <UnitTest name="DisplaySeasonBy_Month_ReturnsExpectedSeason(&quot;June&quot;,&quot;Summer&quot;)" storage="c:\cognizant_task\week-2\nunit\hands-on\fourseasonslib\fourseasonslib.tests\bin\debug\net8.0\fourseasonslib.tests.dll" id="ab0b8d63-55a4-84b9-9e13-a52276750a03">
      <Execution id="c734f663-c22c-4322-ac12-4b8c48c93947" />
      <TestMethod codeBase="C:\Cognizant_Task\Week-2\NUnit\Hands-on\FourSeasonsLib\FourSeasonsLib.Tests\bin\Debug\net8.0\FourSeasonsLib.Tests.dll" adapterTypeName="executor://nunit3testexecutor/" className="FourSeasonsLib.Tests.SeasonTellerTests" name="DisplaySeasonBy_Month_ReturnsExpectedSeason(&quot;June&quot;,&quot;Summer&quot;)" />
    </UnitTest>
    <UnitTest name="DisplaySeasonBy_UsingPropertySource_ReturnsExpectedSeason(&quot;January&quot;,&quot;Winter&quot;)" storage="c:\cognizant_task\week-2\nunit\hands-on\fourseasonslib\fourseasonslib.tests\bin\debug\net8.0\fourseasonslib.tests.dll" id="7dfc5872-85d6-2e50-e7a4-26d067060e32">
      <Execution id="f314f788-83dc-47aa-b848-12fd81831a8b" />
      <TestMethod codeBase="C:\Cognizant_Task\Week-2\NUnit\Hands-on\FourSeasonsLib\FourSeasonsLib.Tests\bin\Debug\net8.0\FourSeasonsLib.Tests.dll" adapterTypeName="executor://nunit3testexecutor/" className="FourSeasonsLib.Tests.SeasonTellerTests" name="DisplaySeasonBy_UsingPropertySource_ReturnsExpectedSeason(&quot;January&quot;,&quot;Winter&quot;)" />
    </UnitTest>
    <UnitTest name="DisplaySeasonBy_UsingPropertySource_ReturnsExpectedSeason(&quot;December&quot;,&quot;Winter&quot;)" storage="c:\cognizant_task\week-2\nunit\hands-on\fourseasonslib\fourseasonslib.tests\bin\debug\net8.0\fourseasonslib.tests.dll" id="df13a904-d033-e74d-f984-5104abb835fd">
      <Execution id="41a95a24-e0c5-4ac6-8494-16eb5a96e33f" />
      <TestMethod codeBase="C:\Cognizant_Task\Week-2\NUnit\Hands-on\FourSeasonsLib\FourSeasonsLib.Tests\bin\Debug\net8.0\FourSeasonsLib.Tests.dll" adapterTypeName="executor://nunit3testexecutor/" className="FourSeasonsLib.Tests.SeasonTellerTests" name="DisplaySeasonBy_UsingPropertySource_ReturnsExpectedSeason(&quot;December&quot;,&quot;Winter&quot;)" />
    </UnitTest>
    <UnitTest name="DisplaySeasonBy_Month_ReturnsExpectedSeason(&quot;February&quot;,&quot;Spring&quot;)" storage="c:\cognizant_task\week-2\nunit\hands-on\fourseasonslib\fourseasonslib.tests\bin\debug\net8.0\fourseasonslib.tests.dll" id="a7b52709-4bd3-0edf-629b-95b433fa2b32">
      <Execution id="7cc6fbf3-3d96-4edc-9015-7bac2e3b8c58" />
      <TestMethod codeBase="C:\Cognizant_Task\Week-2\NUnit\Hands-on\FourSeasonsLib\FourSeasonsLib.Tests\bin\Debug\net8.0\FourSeasonsLib.Tests.dll" adapterTypeName="executor://nunit3testexecutor/" className="FourSeasonsLib.Tests.SeasonTellerTests" name="DisplaySeasonBy_Month_ReturnsExpectedSeason(&quot;February&quot;,&quot;Spring&quot;)" />
    </UnitTest>
    <UnitTest name="DisplaySeasonBy_Month_ReturnsExpectedSeason(&quot;October&quot;,&quot;Autumn&quot;)" storage="c:\cognizant_task\week-2\nunit\hands-on\fourseasonslib\fourseasonslib.tests\bin\debug\net8.0\fourseasonslib.tests.dll" id="7a9f6ced-4500-5313-29a3-af0b8c0fa998">
      <Execution id="d58597df-efe7-4466-9a36-7e175052ff21" />
      <TestMethod codeBase="C:\Cognizant_Task\Week-2\NUnit\Hands-on\FourSeasonsLib\FourSeasonsLib.Tests\bin\Debug\net8.0\FourSeasonsLib.Tests.dll" adapterTypeName="executor://nunit3testexecutor/" className="FourSeasonsLib.Tests.SeasonTellerTests" name="DisplaySeasonBy_Month_ReturnsExpectedSeason(&quot;October&quot;,&quot;Autumn&quot;)" />
    </UnitTest>
    <UnitTest name="DisplaySeasonBy_UsingPropertySource_ReturnsExpectedSeason(&quot;June&quot;,&quot;Summer&quot;)" storage="c:\cognizant_task\week-2\nunit\hands-on\fourseasonslib\fourseasonslib.tests\bin\debug\net8.0\fourseasonslib.tests.dll" id="126cc54e-d8bb-0069-e108-33d43832ec7c">
      <Execution id="bac67055-0953-4585-ad50-fee053401374" />
      <TestMethod codeBase="C:\Cognizant_Task\Week-2\NUnit\Hands-on\FourSeasonsLib\FourSeasonsLib.Tests\bin\Debug\net8.0\FourSeasonsLib.Tests.dll" adapterTypeName="executor://nunit3testexecutor/" className="FourSeasonsLib.Tests.SeasonTellerTests" name="DisplaySeasonBy_UsingPropertySource_ReturnsExpectedSeason(&quot;June&quot;,&quot;Summer&quot;)" />
    </UnitTest>
    <UnitTest name="DisplaySeasonBy_Month_ReturnsExpectedSeason(&quot;July&quot;,&quot;Monsoon&quot;)" storage="c:\cognizant_task\week-2\nunit\hands-on\fourseasonslib\fourseasonslib.tests\bin\debug\net8.0\fourseasonslib.tests.dll" id="3bd1bf4b-e30c-bb82-1d77-55767585341e">
      <Execution id="d43c11c7-ea6d-47e2-b981-5226c39adb89" />
      <TestMethod codeBase="C:\Cognizant_Task\Week-2\NUnit\Hands-on\FourSeasonsLib\FourSeasonsLib.Tests\bin\Debug\net8.0\FourSeasonsLib.Tests.dll" adapterTypeName="executor://nunit3testexecutor/" className="FourSeasonsLib.Tests.SeasonTellerTests" name="DisplaySeasonBy_Month_ReturnsExpectedSeason(&quot;July&quot;,&quot;Monsoon&quot;)" />
    </UnitTest>
    <UnitTest name="Test1" storage="c:\cognizant_task\week-2\nunit\hands-on\fourseasonslib\fourseasonslib.tests\bin\debug\net8.0\fourseasonslib.tests.dll" id="89819a6b-5f2b-cca9-667a-f69ccfd9ccd9">
      <Execution id="333a7c72-0432-445f-95b9-c7dc1ecf71cb" />
      <TestMethod codeBase="C:\Cognizant_Task\Week-2\NUnit\Hands-on\FourSeasonsLib\FourSeasonsLib.Tests\bin\Debug\net8.0\FourSeasonsLib.Tests.dll" adapterTypeName="executor://nunit3testexecutor/" className="FourSeasonsLib.Tests.Tests" name="Test1" />
    </UnitTest>
    <UnitTest name="DisplaySeasonBy_Month_ReturnsExpectedSeason(&quot;January&quot;,&quot;Winter&quot;)" storage="c:\cognizant_task\week-2\nunit\hands-on\fourseasonslib\fourseasonslib.tests\bin\debug\net8.0\fourseasonslib.tests.dll" id="be370597-a15b-4763-5157-344b20371a32">
      <Execution id="7db296da-f25d-41ef-89f3-98997403fd3b" />
      <TestMethod codeBase="C:\Cognizant_Task\Week-2\NUnit\Hands-on\FourSeasonsLib\FourSeasonsLib.Tests\bin\Debug\net8.0\FourSeasonsLib.Tests.dll" adapterTypeName="executor://nunit3testexecutor/" className="FourSeasonsLib.Tests.SeasonTellerTests" name="DisplaySeasonBy_Month_ReturnsExpectedSeason(&quot;January&quot;,&quot;Winter&quot;)" />
    </UnitTest>
    <UnitTest name="DisplaySeasonBy_UsingPropertySource_ReturnsExpectedSeason(&quot;July&quot;,&quot;Monsoon&quot;)" storage="c:\cognizant_task\week-2\nunit\hands-on\fourseasonslib\fourseasonslib.tests\bin\debug\net8.0\fourseasonslib.tests.dll" id="989961a6-7f6e-7113-0096-f0f65ba1ea58">
      <Execution id="a3846b76-1faf-4bda-824b-ffa87627aaad" />
      <TestMethod codeBase="C:\Cognizant_Task\Week-2\NUnit\Hands-on\FourSeasonsLib\FourSeasonsLib.Tests\bin\Debug\net8.0\FourSeasonsLib.Tests.dll" adapterTypeName="executor://nunit3testexecutor/" className="FourSeasonsLib.Tests.SeasonTellerTests" name="DisplaySeasonBy_UsingPropertySource_ReturnsExpectedSeason(&quot;July&quot;,&quot;Monsoon&quot;)" />
    </UnitTest>
    <UnitTest name="DisplaySeasonBy_UsingPropertySource_ReturnsExpectedSeason(&quot;August&quot;,&quot;Monsoon&quot;)" storage="c:\cognizant_task\week-2\nunit\hands-on\fourseasonslib\fourseasonslib.tests\bin\debug\net8.0\fourseasonslib.tests.dll" id="dba87898-1e1d-6ead-008a-406ddaf939a3">
      <Execution id="e5e8fd88-6b89-4a63-b3b8-9d5f48f10bce" />
      <TestMethod codeBase="C:\Cognizant_Task\Week-2\NUnit\Hands-on\FourSeasonsLib\FourSeasonsLib.Tests\bin\Debug\net8.0\FourSeasonsLib.Tests.dll" adapterTypeName="executor://nunit3testexecutor/" className="FourSeasonsLib.Tests.SeasonTellerTests" name="DisplaySeasonBy_UsingPropertySource_ReturnsExpectedSeason(&quot;August&quot;,&quot;Monsoon&quot;)" />
    </UnitTest>
    <UnitTest name="DisplaySeasonBy_Month_ReturnsExpectedSeason(&quot;March&quot;,&quot;Spring&quot;)" storage="c:\cognizant_task\week-2\nunit\hands-on\fourseasonslib\fourseasonslib.tests\bin\debug\net8.0\fourseasonslib.tests.dll" id="199ec992-ff17-3821-5c1b-920ed03a4b3f">
      <Execution id="68e71e75-5607-4668-bc73-24d44fa23a8a" />
      <TestMethod codeBase="C:\Cognizant_Task\Week-2\NUnit\Hands-on\FourSeasonsLib\FourSeasonsLib.Tests\bin\Debug\net8.0\FourSeasonsLib.Tests.dll" adapterTypeName="executor://nunit3testexecutor/" className="FourSeasonsLib.Tests.SeasonTellerTests" name="DisplaySeasonBy_Month_ReturnsExpectedSeason(&quot;March&quot;,&quot;Spring&quot;)" />
    </UnitTest>
    <UnitTest name="DisplaySeasonBy_UsingPropertySource_ReturnsExpectedSeason(&quot;November&quot;,&quot;Autumn&quot;)" storage="c:\cognizant_task\week-2\nunit\hands-on\fourseasonslib\fourseasonslib.tests\bin\debug\net8.0\fourseasonslib.tests.dll" id="1be5e8f4-25ee-ca86-90e8-2b10e2c914a7">
      <Execution id="7583df03-5bd3-4878-9e4f-4a4c7b0ec765" />
      <TestMethod codeBase="C:\Cognizant_Task\Week-2\NUnit\Hands-on\FourSeasonsLib\FourSeasonsLib.Tests\bin\Debug\net8.0\FourSeasonsLib.Tests.dll" adapterTypeName="executor://nunit3testexecutor/" className="FourSeasonsLib.Tests.SeasonTellerTests" name="DisplaySeasonBy_UsingPropertySource_ReturnsExpectedSeason(&quot;November&quot;,&quot;Autumn&quot;)" />
    </UnitTest>
    <UnitTest name="DisplaySeasonBy_Month_ReturnsExpectedSeason(&quot;September&quot;,&quot;Monsoon&quot;)" storage="c:\cognizant_task\week-2\nunit\hands-on\fourseasonslib\fourseasonslib.tests\bin\debug\net8.0\fourseasonslib.tests.dll" id="b9e7c3c2-a579-ed56-12c8-fd16af7b1dc1">
      <Execution id="6908fd80-f6a7-47e4-aaa5-c69cdf14005e" />
      <TestMethod codeBase="C:\Cognizant_Task\Week-2\NUnit\Hands-on\FourSeasonsLib\FourSeasonsLib.Tests\bin\Debug\net8.0\FourSeasonsLib.Tests.dll" adapterTypeName="executor://nunit3testexecutor/" className="FourSeasonsLib.Tests.SeasonTellerTests" name="DisplaySeasonBy_Month_ReturnsExpectedSeason(&quot;September&quot;,&quot;Monsoon&quot;)" />
    </UnitTest>
    <UnitTest name="DisplaySeasonBy_UsingPropertySource_ReturnsExpectedSeason(&quot;September&quot;,&quot;Monsoon&quot;)" storage="c:\cognizant_task\week-2\nunit\hands-on\fourseasonslib\fourseasonslib.tests\bin\debug\net8.0\fourseasonslib.tests.dll" id="167e399a-b96b-6bc3-5240-b8f7330b029a">
      <Execution id="c82ad04c-0b73-45e4-953a-a0a8a12b1cee" />
      <TestMethod codeBase="C:\Cognizant_Task\Week-2\NUnit\Hands-on\FourSeasonsLib\FourSeasonsLib.Tests\bin\Debug\net8.0\FourSeasonsLib.Tests.dll" adapterTypeName="executor://nunit3testexecutor/" className="FourSeasonsLib.Tests.SeasonTellerTests" name="DisplaySeasonBy_UsingPropertySource_ReturnsExpectedSeason(&quot;September&quot;,&quot;Monsoon&quot;)" />
    </UnitTest>
    <UnitTest name="DisplaySeasonBy_Month_ReturnsExpectedSeason(&quot;May&quot;,&quot;Summer&quot;)" storage="c:\cognizant_task\week-2\nunit\hands-on\fourseasonslib\fourseasonslib.tests\bin\debug\net8.0\fourseasonslib.tests.dll" id="12f1598c-0361-1fe1-ecc9-d890bc40cfd5">
      <Execution id="7c1b228e-1c00-4d33-ac98-1a4010d4c05c" />
      <TestMethod codeBase="C:\Cognizant_Task\Week-2\NUnit\Hands-on\FourSeasonsLib\FourSeasonsLib.Tests\bin\Debug\net8.0\FourSeasonsLib.Tests.dll" adapterTypeName="executor://nunit3testexecutor/" className="FourSeasonsLib.Tests.SeasonTellerTests" name="DisplaySeasonBy_Month_ReturnsExpectedSeason(&quot;May&quot;,&quot;Summer&quot;)" />
    </UnitTest>
    <UnitTest name="DisplaySeasonBy_Month_ReturnsExpectedSeason(&quot;December&quot;,&quot;Winter&quot;)" storage="c:\cognizant_task\week-2\nunit\hands-on\fourseasonslib\fourseasonslib.tests\bin\debug\net8.0\fourseasonslib.tests.dll" id="a1c9ce80-ac34-a4a5-d6db-c2c1d5dac74f">
      <Execution id="a0014b91-154c-49fb-862d-b63297bb3ad7" />
      <TestMethod codeBase="C:\Cognizant_Task\Week-2\NUnit\Hands-on\FourSeasonsLib\FourSeasonsLib.Tests\bin\Debug\net8.0\FourSeasonsLib.Tests.dll" adapterTypeName="executor://nunit3testexecutor/" className="FourSeasonsLib.Tests.SeasonTellerTests" name="DisplaySeasonBy_Month_ReturnsExpectedSeason(&quot;December&quot;,&quot;Winter&quot;)" />
    </UnitTest>
    <UnitTest name="DisplaySeasonBy_Month_ReturnsExpectedSeason(&quot;August&quot;,&quot;Monsoon&quot;)" storage="c:\cognizant_task\week-2\nunit\hands-on\fourseasonslib\fourseasonslib.tests\bin\debug\net8.0\fourseasonslib.tests.dll" id="e1d4104a-7ba4-198c-cd14-4c04618d0867">
      <Execution id="0f6f1663-0dbd-4cdf-8cbc-534fcd3a667c" />
      <TestMethod codeBase="C:\Cognizant_Task\Week-2\NUnit\Hands-on\FourSeasonsLib\FourSeasonsLib.Tests\bin\Debug\net8.0\FourSeasonsLib.Tests.dll" adapterTypeName="executor://nunit3testexecutor/" className="FourSeasonsLib.Tests.SeasonTellerTests" name="DisplaySeasonBy_Month_ReturnsExpectedSeason(&quot;August&quot;,&quot;Monsoon&quot;)" />
    </UnitTest>
    <UnitTest name="DisplaySeasonBy_UsingPropertySource_ReturnsExpectedSeason(&quot;March&quot;,&quot;Spring&quot;)" storage="c:\cognizant_task\week-2\nunit\hands-on\fourseasonslib\fourseasonslib.tests\bin\debug\net8.0\fourseasonslib.tests.dll" id="ad2cee18-ffee-8b3e-7f71-1fc282072ea6">
      <Execution id="195f9d43-79a2-44f4-a642-9ac70e87bc21" />
      <TestMethod codeBase="C:\Cognizant_Task\Week-2\NUnit\Hands-on\FourSeasonsLib\FourSeasonsLib.Tests\bin\Debug\net8.0\FourSeasonsLib.Tests.dll" adapterTypeName="executor://nunit3testexecutor/" className="FourSeasonsLib.Tests.SeasonTellerTests" name="DisplaySeasonBy_UsingPropertySource_ReturnsExpectedSeason(&quot;March&quot;,&quot;Spring&quot;)" />
    </UnitTest>
    <UnitTest name="DisplaySeasonBy_Month_ReturnsExpectedSeason(&quot;November&quot;,&quot;Autumn&quot;)" storage="c:\cognizant_task\week-2\nunit\hands-on\fourseasonslib\fourseasonslib.tests\bin\debug\net8.0\fourseasonslib.tests.dll" id="763667c5-e149-54d2-95fa-54c19bd6e797">
      <Execution id="0ed82644-a43a-4d9e-9e13-1c010bd66c0e" />
      <TestMethod codeBase="C:\Cognizant_Task\Week-2\NUnit\Hands-on\FourSeasonsLib\FourSeasonsLib.Tests\bin\Debug\net8.0\FourSeasonsLib.Tests.dll" adapterTypeName="executor://nunit3testexecutor/" className="FourSeasonsLib.Tests.SeasonTellerTests" name="DisplaySeasonBy_Month_ReturnsExpectedSeason(&quot;November&quot;,&quot;Autumn&quot;)" />
    </UnitTest>
    <UnitTest name="DisplaySeasonBy_UsingPropertySource_ReturnsExpectedSeason(&quot;February&quot;,&quot;Spring&quot;)" storage="c:\cognizant_task\week-2\nunit\hands-on\fourseasonslib\fourseasonslib.tests\bin\debug\net8.0\fourseasonslib.tests.dll" id="77652052-22c5-42ec-652f-084c98069f33">
      <Execution id="268ea6f2-a49d-49f0-a753-73f682957019" />
      <TestMethod codeBase="C:\Cognizant_Task\Week-2\NUnit\Hands-on\FourSeasonsLib\FourSeasonsLib.Tests\bin\Debug\net8.0\FourSeasonsLib.Tests.dll" adapterTypeName="executor://nunit3testexecutor/" className="FourSeasonsLib.Tests.SeasonTellerTests" name="DisplaySeasonBy_UsingPropertySource_ReturnsExpectedSeason(&quot;February&quot;,&quot;Spring&quot;)" />
    </UnitTest>
  </TestDefinitions>
  <TestEntries>
    <TestEntry testId="7a9f6ced-4500-5313-29a3-af0b8c0fa998" executionId="d58597df-efe7-4466-9a36-7e175052ff21" testListId="8c84fa94-04c1-424b-9868-57a2d4851a1d" />
    <TestEntry testId="989961a6-7f6e-7113-0096-f0f65ba1ea58" executionId="a3846b76-1faf-4bda-824b-ffa87627aaad" testListId="8c84fa94-04c1-424b-9868-57a2d4851a1d" />
    <TestEntry testId="126cc54e-d8bb-0069-e108-33d43832ec7c" executionId="bac67055-0953-4585-ad50-fee053401374" testListId="8c84fa94-04c1-424b-9868-57a2d4851a1d" />
    <TestEntry testId="e1d4104a-7ba4-198c-cd14-4c04618d0867" executionId="0f6f1663-0dbd-4cdf-8cbc-534fcd3a667c" testListId="8c84fa94-04c1-424b-9868-57a2d4851a1d" />
    <TestEntry testId="167e399a-b96b-6bc3-5240-b8f7330b029a" executionId="c82ad04c-0b73-45e4-953a-a0a8a12b1cee" testListId="8c84fa94-04c1-424b-9868-57a2d4851a1d" />
    <TestEntry testId="77652052-22c5-42ec-652f-084c98069f33" executionId="268ea6f2-a49d-49f0-a753-73f682957019" testListId="8c84fa94-04c1-424b-9868-57a2d4851a1d" />
    <TestEntry testId="be370597-a15b-4763-5157-344b20371a32" executionId="7db296da-f25d-41ef-89f3-98997403fd3b" testListId="8c84fa94-04c1-424b-9868-57a2d4851a1d" />
    <TestEntry testId="df13a904-d033-e74d-f984-5104abb835fd" executionId="41a95a24-e0c5-4ac6-8494-16eb5a96e33f" testListId="8c84fa94-04c1-424b-9868-57a2d4851a1d" />
    <TestEntry testId="658bfe51-5997-aa59-1d89-e7f9d325be92" executionId="d46b4e00-4341-4d02-8c4d-c4b79e75768c" testListId="8c84fa94-04c1-424b-9868-57a2d4851a1d" />
    <TestEntry testId="dba87898-1e1d-6ead-008a-406ddaf939a3" executionId="e5e8fd88-6b89-4a63-b3b8-9d5f48f10bce" testListId="8c84fa94-04c1-424b-9868-57a2d4851a1d" />
    <TestEntry testId="006894b4-19ef-bfd9-07d7-bd81bce1bf38" executionId="15b99df3-2e78-406c-9a5f-0fc08e4d45b5" testListId="8c84fa94-04c1-424b-9868-57a2d4851a1d" />
    <TestEntry testId="12f1598c-0361-1fe1-ecc9-d890bc40cfd5" executionId="7c1b228e-1c00-4d33-ac98-1a4010d4c05c" testListId="8c84fa94-04c1-424b-9868-57a2d4851a1d" />
    <TestEntry testId="a1c9ce80-ac34-a4a5-d6db-c2c1d5dac74f" executionId="a0014b91-154c-49fb-862d-b63297bb3ad7" testListId="8c84fa94-04c1-424b-9868-57a2d4851a1d" />
    <TestEntry testId="1be5e8f4-25ee-ca86-90e8-2b10e2c914a7" executionId="7583df03-5bd3-4878-9e4f-4a4c7b0ec765" testListId="8c84fa94-04c1-424b-9868-57a2d4851a1d" />
    <TestEntry testId="3bd1bf4b-e30c-bb82-1d77-55767585341e" executionId="d43c11c7-ea6d-47e2-b981-5226c39adb89" testListId="8c84fa94-04c1-424b-9868-57a2d4851a1d" />
    <TestEntry testId="b9e7c3c2-a579-ed56-12c8-fd16af7b1dc1" executionId="6908fd80-f6a7-47e4-aaa5-c69cdf14005e" testListId="8c84fa94-04c1-424b-9868-57a2d4851a1d" />
    <TestEntry testId="6822446b-4280-2bb0-1a66-ecb8a25f9a0f" executionId="3cc5cbb4-c461-4283-a617-be91c11c71b8" testListId="8c84fa94-04c1-424b-9868-57a2d4851a1d" />
    <TestEntry testId="763667c5-e149-54d2-95fa-54c19bd6e797" executionId="0ed82644-a43a-4d9e-9e13-1c010bd66c0e" testListId="8c84fa94-04c1-424b-9868-57a2d4851a1d" />
    <TestEntry testId="199ec992-ff17-3821-5c1b-920ed03a4b3f" executionId="68e71e75-5607-4668-bc73-24d44fa23a8a" testListId="8c84fa94-04c1-424b-9868-57a2d4851a1d" />
    <TestEntry testId="89819a6b-5f2b-cca9-667a-f69ccfd9ccd9" executionId="333a7c72-0432-445f-95b9-c7dc1ecf71cb" testListId="8c84fa94-04c1-424b-9868-57a2d4851a1d" />
    <TestEntry testId="7dfc5872-85d6-2e50-e7a4-26d067060e32" executionId="f314f788-83dc-47aa-b848-12fd81831a8b" testListId="8c84fa94-04c1-424b-9868-57a2d4851a1d" />
    <TestEntry testId="8c177649-ed44-c394-1e9a-6ac4b1e50dbd" executionId="c046eb8c-5146-489b-b4ac-bc1209463c5d" testListId="8c84fa94-04c1-424b-9868-57a2d4851a1d" />
    <TestEntry testId="ad2cee18-ffee-8b3e-7f71-1fc282072ea6" executionId="195f9d43-79a2-44f4-a642-9ac70e87bc21" testListId="8c84fa94-04c1-424b-9868-57a2d4851a1d" />
    <TestEntry testId="ab0b8d63-55a4-84b9-9e13-a52276750a03" executionId="c734f663-c22c-4322-ac12-4b8c48c93947" testListId="8c84fa94-04c1-424b-9868-57a2d4851a1d" />
    <TestEntry testId="a7b52709-4bd3-0edf-629b-95b433fa2b32" executionId="7cc6fbf3-3d96-4edc-9015-7bac2e3b8c58" testListId="8c84fa94-04c1-424b-9868-57a2d4851a1d" />
  </TestEntries>
  <TestLists>
    <TestList name="Results Not in a List" id="8c84fa94-04c1-424b-9868-57a2d4851a1d" />
    <TestList name="All Loaded Results" id="19431567-8539-422a-85d7-44ee4e166bda" />
  </TestLists>
  <ResultSummary outcome="Completed">
    <Counters total="25" executed="25" passed="25" failed="0" error="0" timeout="0" aborted="0" inconclusive="0" passedButRunAborted="0" notRunnable="0" notExecuted="0" disconnected="0" warning="0" completed="0" inProgress="0" pending="0" />
    <Output>
      <StdOut>NUnit Adapter 4.5.0.0: Test execution started&#xD;
Running all tests in C:\Cognizant_Task\Week-2\NUnit\Hands-on\FourSeasonsLib\FourSeasonsLib.Tests\bin\Debug\net8.0\FourSeasonsLib.Tests.dll&#xD;
   NUnit3TestExecutor discovered 25 of 25 NUnit test cases using Current Discovery mode, Non-Explicit run&#xD;
NUnit Adapter 4.5.0.0: Test execution complete&#xD;
</StdOut>
    </Output>
  </ResultSummary>
</TestRun>