<?xml version="1.0" encoding="utf-8"?>
<TestRun id="eed85f1c-24db-4662-8d31-7ca73f2f9da0" name="ADITI@LAPTOP-UU9HIIPU 2026-07-04 11:04:29" runUser="LAPTOP-UU9HIIPU\ADITI" xmlns="http://microsoft.com/schemas/VisualStudio/TeamTest/2010">
  <Times creation="2026-07-04T11:04:29.3391204+05:30" queuing="2026-07-04T11:04:29.3391206+05:30" start="2026-07-04T11:04:26.7054238+05:30" finish="2026-07-04T11:04:29.3558448+05:30" />
  <TestSettings name="default" id="9b8bc5fa-02d8-4d2f-8269-8b8cb5605ff3">
    <Deployment runDeploymentRoot="ADITI_LAPTOP-UU9HIIPU_2026-07-04_11_04_29" />
  </TestSettings>
  <Results>
    <UnitTestResult executionId="e194d3f6-d261-4aa8-aa5e-3f5fd469e5c3" testId="7dcd64ae-90fd-ced0-ac39-506c7f5c63a7" testName="Converter_USDToEuro_KnownRate_ReturnsExpectedEuro" computerName="LAPTOP-UU9HIIPU" duration="00:00:00.4071230" startTime="2026-07-04T11:04:28.4692855+05:30" endTime="2026-07-04T11:04:28.8763089+05:30" testType="13cdc9d9-ddb5-4fa4-a97d-d965ccfc6d4b" outcome="Passed" testListId="8c84fa94-04c1-424b-9868-57a2d4851a1d" relativeResultsDirectory="e194d3f6-d261-4aa8-aa5e-3f5fd469e5c3" />
    <UnitTestResult executionId="995c3293-d653-4eb5-9395-365044ea9753" testId="78e31b7d-c007-b494-2f0a-5605385ce1a0" testName="Converter_USDToEuro_ZeroAmount_ReturnsZero" computerName="LAPTOP-UU9HIIPU" duration="00:00:00.0061240" startTime="2026-07-04T11:04:28.8790066+05:30" endTime="2026-07-04T11:04:28.8851301+05:30" testType="13cdc9d9-ddb5-4fa4-a97d-d965ccfc6d4b" outcome="Passed" testListId="8c84fa94-04c1-424b-9868-57a2d4851a1d" relativeResultsDirectory="995c3293-d653-4eb5-9395-365044ea9753" />
  </Results>
  <TestDefinitions>
    <UnitTest name="Converter_USDToEuro_KnownRate_ReturnsExpectedEuro" storage="c:\cognizant_task\week-2\moq\converterlib.tests\bin\debug\net8.0\converterlib.tests.dll" id="7dcd64ae-90fd-ced0-ac39-506c7f5c63a7">
      <Execution id="e194d3f6-d261-4aa8-aa5e-3f5fd469e5c3" />
      <TestMethod codeBase="C:\Cognizant_Task\Week-2\Moq\ConverterLib.Tests\bin\Debug\net8.0\ConverterLib.Tests.dll" adapterTypeName="executor://nunit3testexecutor/" className="ConverterLib.Tests.ConverterTests" name="Converter_USDToEuro_KnownRate_ReturnsExpectedEuro" />
    </UnitTest>
    <UnitTest name="Converter_USDToEuro_ZeroAmount_ReturnsZero" storage="c:\cognizant_task\week-2\moq\converterlib.tests\bin\debug\net8.0\converterlib.tests.dll" id="78e31b7d-c007-b494-2f0a-5605385ce1a0">
      <Execution id="995c3293-d653-4eb5-9395-365044ea9753" />
      <TestMethod codeBase="C:\Cognizant_Task\Week-2\Moq\ConverterLib.Tests\bin\Debug\net8.0\ConverterLib.Tests.dll" adapterTypeName="executor://nunit3testexecutor/" className="ConverterLib.Tests.ConverterTests" name="Converter_USDToEuro_ZeroAmount_ReturnsZero" />
    </UnitTest>
  </TestDefinitions>
  <TestEntries>
    <TestEntry testId="7dcd64ae-90fd-ced0-ac39-506c7f5c63a7" executionId="e194d3f6-d261-4aa8-aa5e-3f5fd469e5c3" testListId="8c84fa94-04c1-424b-9868-57a2d4851a1d" />
    <TestEntry testId="78e31b7d-c007-b494-2f0a-5605385ce1a0" executionId="995c3293-d653-4eb5-9395-365044ea9753" testListId="8c84fa94-04c1-424b-9868-57a2d4851a1d" />
  </TestEntries>
  <TestLists>
    <TestList name="Results Not in a List" id="8c84fa94-04c1-424b-9868-57a2d4851a1d" />
    <TestList name="All Loaded Results" id="19431567-8539-422a-85d7-44ee4e166bda" />
  </TestLists>
  <ResultSummary outcome="Completed">
    <Counters total="2" executed="2" passed="2" failed="0" error="0" timeout="0" aborted="0" inconclusive="0" passedButRunAborted="0" notRunnable="0" notExecuted="0" disconnected="0" warning="0" completed="0" inProgress="0" pending="0" />
    <Output>
      <StdOut>NUnit Adapter 4.5.0.0: Test execution started&#xD;
Running all tests in C:\Cognizant_Task\Week-2\Moq\ConverterLib.Tests\bin\Debug\net8.0\ConverterLib.Tests.dll&#xD;
   NUnit3TestExecutor discovered 2 of 2 NUnit test cases using Current Discovery mode, Non-Explicit run&#xD;
NUnit Adapter 4.5.0.0: Test execution complete&#xD;
</StdOut>
    </Output>
  </ResultSummary>
</TestRun>